2024-04-09 18:20:08,245 INFO :: This message just shows basic information
2024-04-09 18:20:08,245 WARNING :: This message is about something you should pay attention to
2024-04-09 18:20:08,245 ERROR :: This message helps to debug an error that occurred in your program
2024-04-09 18:25:02,433 INFO :: This message just shows basic information
2024-04-09 18:25:02,433 WARNING :: This message is about something you should pay attention to
2024-04-09 18:25:02,433 ERROR :: This message helps to debug an error that occurred in your program
2024-04-09 18:25:02,433 INFO :: Hello from the Binance connector
2024-04-09 18:29:34,148 INFO :: This is logged in all cases
2024-04-09 18:29:34,149 INFO :: This is logged only if we execute the main.py file
2024-04-09 18:29:55,743 INFO :: This is logged in all cases
2024-04-09 18:29:55,743 INFO :: This is logged only if we execute the main.py file
2024-04-09 18:30:08,538 INFO :: This is logged in all cases
2024-04-09 18:30:08,538 INFO :: This is logged only if we execute the main.py file
2024-04-09 18:30:54,123 INFO :: This is logged in all cases
2024-04-09 18:30:54,123 INFO :: This is logged only if we execute the main.py file
2024-04-09 18:32:31,100 INFO :: This is logged in all cases
2024-04-09 18:32:36,678 INFO :: This is logged in all cases
2024-04-09 18:32:36,678 INFO :: This is logged only if we execute the main.py file
2024-04-11 18:11:11,587 INFO :: Binance Futures Client succesfully initialized
2024-04-11 18:12:07,124 INFO :: Binance Futures Client succesfully initialized
2024-04-11 18:16:26,224 INFO :: Binance Futures Client succesfully initialized
2024-04-11 18:19:35,467 INFO :: Binance Futures Client succesfully initialized
2024-04-11 18:20:30,382 INFO :: Binance Futures Client succesfully initialized
2024-04-12 17:41:28,134 INFO :: Binance Futures Client succesfully initialized
2024-04-12 17:42:43,898 INFO :: Binance Futures Client succesfully initialized
2024-04-12 17:42:44,965 ERROR :: Error while making GET request to /fapi/v1/account: {'code': -5000, 'msg': 'GET /fapi/v1/account is retired, please use GET /fapi/v2/account'} (error code 400)
2024-04-12 17:43:07,180 INFO :: Binance Futures Client succesfully initialized
2024-04-12 18:09:26,550 INFO :: Binance Futures Client succesfully initialized
2024-04-12 18:09:27,908 ERROR :: Error while making POST request to /fapi/v2/order: {'code': -5000, 'msg': 'Path /fapi/v2/order, Method POST is invalid'} (error code 404)
2024-04-12 18:11:21,694 INFO :: Binance Futures Client succesfully initialized
2024-04-12 18:12:43,555 INFO :: Binance Futures Client succesfully initialized
2024-04-12 18:14:23,925 INFO :: Binance Futures Client succesfully initialized
2024-04-13 11:03:50,004 INFO :: Binance Futures Client succesfully initialized
2024-04-13 11:03:51,707 ERROR :: error from callback <bound method BinanceFuturesClient.on_open of <connectors.binance_futures.BinanceFuturesClient object at 0x0000011C8FBB95B0>>: on_open() takes 1 positional argument but 2 were given
2024-04-13 11:11:06,828 INFO :: Binance Futures Client succesfully initialized
2024-04-13 11:11:08,642 INFO :: Binance Websocket connection opened
2024-04-13 11:55:30,077 INFO :: Binance Futures Client succesfully initialized
2024-04-13 11:55:31,364 INFO :: Binance Websocket connection opened
2024-04-13 12:04:27,898 INFO :: Binance Futures Client succesfully initialized
2024-04-13 12:04:29,186 INFO :: Binance Websocket connection opened
2024-04-13 12:05:36,045 INFO :: Binance Futures Client succesfully initialized
2024-04-13 12:05:37,370 INFO :: Binance Websocket connection opened
